INFO 2020-01-02 10:28:17,184 basehttp 124 "GET / HTTP/1.1" 200 3820
INFO 2020-01-02 10:28:17,325 basehttp 124 "GET /epgn_front_end/js/vue_2.6.10.js HTTP/1.1" 200 311030
INFO 2020-01-02 10:28:17,479 basehttp 124 "GET /epgn_front_end/image/login.jpg HTTP/1.1" 200 3579
INFO 2020-01-02 10:28:17,485 basehttp 124 "GET /epgn_front_end/image/back_pic.jpg HTTP/1.1" 200 282025
INFO 2020-01-02 10:28:17,537 basehttp 124 "GET /favicon.ico HTTP/1.1" 302 0
INFO 2020-01-02 10:28:17,548 basehttp 124 "GET /epgn_front_end/image/favicon.ico HTTP/1.1" 200 67646
INFO 2020-01-02 10:28:19,457 basehttp 124 "GET /home/ HTTP/1.1" 200 23440
INFO 2020-01-02 10:28:19,499 basehttp 124 "GET /epgn_front_end/js/jquery-3.4.1.js HTTP/1.1" 200 149581
INFO 2020-01-02 10:28:19,500 basehttp 124 "GET /epgn_front_end/layui/css/layui.css HTTP/1.1" 200 72911
INFO 2020-01-02 10:28:19,501 basehttp 124 "GET /epgn_front_end/layui/css/modules/layer/default/layer.css HTTP/1.1" 200 14425
INFO 2020-01-02 10:28:19,511 basehttp 124 "GET /epgn_front_end/layui/css/admin.css HTTP/1.1" 200 25936
INFO 2020-01-02 10:28:19,532 basehttp 124 "GET /epgn_front_end/js/axios-0.18.0.min.js HTTP/1.1" 200 12941
INFO 2020-01-02 10:28:19,534 basehttp 124 "GET /epgn_front_end/layui/layui.js HTTP/1.1" 200 6675
INFO 2020-01-02 10:28:19,538 basehttp 124 "GET /epgn_front_end/js/echart.js HTTP/1.1" 200 717631
INFO 2020-01-02 10:28:19,715 basehttp 124 "GET /epgn_front_end/layui/font/iconfont.woff2?v=250 HTTP/1.1" 200 23140
INFO 2020-01-02 10:28:19,722 basehttp 124 "GET /car_platform/ HTTP/1.1" 200 294
INFO 2020-01-02 10:28:19,754 basehttp 124 "GET /epgn_front_end/layui/lay/modules/table.js HTTP/1.1" 200 31323
INFO 2020-01-02 10:28:19,844 basehttp 124 "GET /epgn_front_end/home/index.js HTTP/1.1" 304 0
INFO 2020-01-02 10:28:19,991 basehttp 124 "GET /epgn_front_end/layui/lay/modules/laytpl.js HTTP/1.1" 304 0
INFO 2020-01-02 10:28:19,998 basehttp 124 "GET /epgn_front_end/home/config.js HTTP/1.1" 200 3916
INFO 2020-01-02 10:28:20,029 basehttp 124 "GET /epgn_front_end/layui/lay/modules/laypage.js HTTP/1.1" 200 4472
INFO 2020-01-02 10:28:20,029 basehttp 124 "GET /epgn_front_end/layui/lay/modules/layer.js HTTP/1.1" 200 22041
INFO 2020-01-02 10:28:20,065 basehttp 124 "GET /epgn_front_end/layui/css/modules/layer/default/layer.css?v=3.1.1 HTTP/1.1" 200 14425
INFO 2020-01-02 10:28:20,078 basehttp 124 "GET /epgn_front_end/layui/lay/modules/element.js HTTP/1.1" 200 7264
INFO 2020-01-02 10:28:20,080 basehttp 124 "GET /epgn_front_end/layui/lay/modules/form.js HTTP/1.1" 200 9329
INFO 2020-01-02 10:28:20,124 basehttp 124 "GET /epgn_front_end/layui/lay/modules/util.js HTTP/1.1" 200 3622
WARNING 2020-01-02 10:28:20,176 basehttp 124 "GET /epgn_front_end/home/lib/admin.js HTTP/1.1" 404 1680
INFO 2020-01-02 10:28:25,681 basehttp 124 "GET /home/ HTTP/1.1" 200 23440
INFO 2020-01-02 10:28:25,804 basehttp 124 "GET /car_platform/ HTTP/1.1" 200 294
WARNING 2020-01-02 10:28:25,999 basehttp 124 "GET /epgn_front_end/home/lib/admin.js HTTP/1.1" 404 1680
INFO 2020-01-02 10:28:26,994 basehttp 124 "GET /upload/ HTTP/1.1" 200 48866
INFO 2020-01-02 10:28:27,144 basehttp 124 "GET /car_platform/ HTTP/1.1" 200 294
INFO 2020-01-02 10:28:27,146 basehttp 124 "GET /epgn_front_end/layui/lay/modules/upload.js HTTP/1.1" 200 7231
INFO 2020-01-02 10:28:27,174 basehttp 124 "GET /car_model/ HTTP/1.1" 200 1136
INFO 2020-01-02 10:28:27,180 basehttp 124 "GET /gearbox/ HTTP/1.1" 200 498
INFO 2020-01-02 10:28:27,194 basehttp 124 "GET /propulsionpower_num/ HTTP/1.1" 200 361
INFO 2020-01-02 10:28:27,213 basehttp 124 "GET /direction_num/ HTTP/1.1" 200 269
INFO 2020-01-02 10:28:27,276 basehttp 124 "GET /epgn_front_end/layui/lay/modules/layedit.js HTTP/1.1" 200 12635
INFO 2020-01-02 10:28:27,307 basehttp 124 "GET /epgn_front_end/layui/lay/modules/laydate.js HTTP/1.1" 200 27377
INFO 2020-01-02 10:28:27,316 basehttp 124 "GET /epgn_front_end/layui/css/modules/laydate/default/laydate.css?v=5.0.9 HTTP/1.1" 200 7537
INFO 2020-01-02 10:28:31,019 basehttp 124 "GET /home/ HTTP/1.1" 200 23440
INFO 2020-01-02 10:28:31,130 basehttp 124 "GET /car_platform/ HTTP/1.1" 200 294
WARNING 2020-01-02 10:28:31,315 basehttp 124 "GET /epgn_front_end/home/lib/admin.js HTTP/1.1" 404 1680
INFO 2020-01-02 10:28:31,782 basehttp 124 "GET /upload/ HTTP/1.1" 200 48866
INFO 2020-01-02 10:28:31,939 basehttp 124 "GET /car_platform/ HTTP/1.1" 200 294
INFO 2020-01-02 10:28:31,970 basehttp 124 "GET /gearbox/ HTTP/1.1" 200 498
INFO 2020-01-02 10:28:31,971 basehttp 124 "GET /car_model/ HTTP/1.1" 200 1136
INFO 2020-01-02 10:28:31,973 basehttp 124 "GET /propulsionpower_num/ HTTP/1.1" 200 361
INFO 2020-01-02 10:28:31,979 basehttp 124 "GET /direction_num/ HTTP/1.1" 200 269
INFO 2020-01-02 10:28:59,653 basehttp 124 "GET /home/ HTTP/1.1" 200 23440
INFO 2020-01-02 10:28:59,858 basehttp 124 "GET /car_platform/ HTTP/1.1" 200 294
WARNING 2020-01-02 10:29:00,070 basehttp 124 "GET /epgn_front_end/home/lib/admin.js HTTP/1.1" 404 1680
INFO 2020-01-02 10:29:01,103 basehttp 124 "GET /home/ HTTP/1.1" 200 23440
INFO 2020-01-02 10:29:01,230 basehttp 124 "GET /car_platform/ HTTP/1.1" 200 294
WARNING 2020-01-02 10:29:01,420 basehttp 124 "GET /epgn_front_end/home/lib/admin.js HTTP/1.1" 404 1680
INFO 2020-01-02 10:30:29,345 basehttp 124 "GET / HTTP/1.1" 200 3820
INFO 2020-01-02 10:30:29,435 basehttp 124 "GET /epgn_front_end/js/vue_2.6.10.js HTTP/1.1" 200 311030
INFO 2020-01-02 10:30:29,663 basehttp 124 "GET /epgn_front_end/image/back_pic.jpg HTTP/1.1" 200 282025
INFO 2020-01-02 10:30:29,670 basehttp 124 "GET /epgn_front_end/image/login.jpg HTTP/1.1" 200 3579
INFO 2020-01-02 10:30:29,788 basehttp 124 "GET /favicon.ico HTTP/1.1" 302 0
INFO 2020-01-02 10:30:29,812 basehttp 124 "GET /epgn_front_end/image/favicon.ico HTTP/1.1" 200 67646
INFO 2020-01-02 10:30:30,832 basehttp 124 "GET /home/ HTTP/1.1" 200 23440
INFO 2020-01-02 10:30:30,898 basehttp 124 "GET /epgn_front_end/layui/css/layui.css HTTP/1.1" 200 72911
INFO 2020-01-02 10:30:30,900 basehttp 124 "GET /epgn_front_end/js/axios-0.18.0.min.js HTTP/1.1" 200 12941
INFO 2020-01-02 10:30:30,905 basehttp 124 "GET /epgn_front_end/layui/css/admin.css HTTP/1.1" 200 25936
INFO 2020-01-02 10:30:30,906 basehttp 124 "GET /epgn_front_end/js/jquery-3.4.1.js HTTP/1.1" 200 149581
INFO 2020-01-02 10:30:30,910 basehttp 124 "GET /epgn_front_end/layui/css/modules/layer/default/layer.css HTTP/1.1" 200 14425
INFO 2020-01-02 10:30:30,936 basehttp 124 "GET /epgn_front_end/layui/layui.js HTTP/1.1" 200 6675
INFO 2020-01-02 10:30:30,952 basehttp 124 "GET /epgn_front_end/js/echart.js HTTP/1.1" 200 717631
INFO 2020-01-02 10:30:31,209 basehttp 124 "GET /car_platform/ HTTP/1.1" 200 294
INFO 2020-01-02 10:30:31,261 basehttp 124 "GET /epgn_front_end/layui/lay/modules/table.js HTTP/1.1" 200 31323
INFO 2020-01-02 10:30:31,376 basehttp 124 "GET /epgn_front_end/home/index.js HTTP/1.1" 200 1994
INFO 2020-01-02 10:30:31,383 basehttp 124 "GET /epgn_front_end/layui/font/iconfont.woff2?v=250 HTTP/1.1" 200 23140
INFO 2020-01-02 10:30:31,548 basehttp 124 "GET /epgn_front_end/layui/lay/modules/laytpl.js HTTP/1.1" 200 1836
INFO 2020-01-02 10:30:31,563 basehttp 124 "GET /epgn_front_end/home/config.js HTTP/1.1" 200 3916
INFO 2020-01-02 10:30:31,621 basehttp 124 "GET /epgn_front_end/layui/lay/modules/laypage.js HTTP/1.1" 200 4472
INFO 2020-01-02 10:30:31,666 basehttp 124 "GET /epgn_front_end/layui/lay/modules/layer.js HTTP/1.1" 200 22041
INFO 2020-01-02 10:30:31,717 basehttp 124 "GET /epgn_front_end/layui/css/modules/layer/default/layer.css?v=3.1.1 HTTP/1.1" 200 14425
INFO 2020-01-02 10:30:31,721 basehttp 124 "GET /epgn_front_end/layui/lay/modules/element.js HTTP/1.1" 200 7264
INFO 2020-01-02 10:30:31,748 basehttp 124 "GET /epgn_front_end/layui/lay/modules/form.js HTTP/1.1" 200 9329
INFO 2020-01-02 10:30:31,785 basehttp 124 "GET /epgn_front_end/layui/lay/modules/util.js HTTP/1.1" 200 3622
WARNING 2020-01-02 10:30:31,913 basehttp 124 "GET /epgn_front_end/home/lib/admin.js HTTP/1.1" 404 1680
INFO 2020-01-02 10:30:32,171 basehttp 124 "GET /home/ HTTP/1.1" 200 23440
INFO 2020-01-02 10:30:32,380 basehttp 124 "GET /car_platform/ HTTP/1.1" 200 294
WARNING 2020-01-02 10:30:32,847 basehttp 124 "GET /epgn_front_end/home/lib/admin.js HTTP/1.1" 404 1680
INFO 2020-01-02 10:30:32,904 basehttp 124 "GET /home/ HTTP/1.1" 200 23440
INFO 2020-01-02 10:30:33,219 basehttp 124 "GET /car_platform/ HTTP/1.1" 200 294
WARNING 2020-01-02 10:30:33,640 basehttp 124 "GET /epgn_front_end/home/lib/admin.js HTTP/1.1" 404 1680
INFO 2020-01-02 10:35:58,631 basehttp 124 "GET /home/ HTTP/1.1" 200 23440
INFO 2020-01-02 10:35:58,828 basehttp 124 "GET /car_platform/ HTTP/1.1" 200 294
INFO 2020-01-02 10:35:59,069 basehttp 124 "GET /favicon.ico HTTP/1.1" 302 0
INFO 2020-01-02 10:35:59,080 basehttp 124 "GET /epgn_front_end/image/favicon.ico HTTP/1.1" 200 67646
WARNING 2020-01-02 10:35:59,092 basehttp 124 "GET /epgn_front_end/home/lib/admin.js HTTP/1.1" 404 1680
INFO 2020-01-02 10:36:00,302 basehttp 124 "GET /home/ HTTP/1.1" 200 23440
INFO 2020-01-02 10:36:00,415 basehttp 124 "GET /car_platform/ HTTP/1.1" 200 294
WARNING 2020-01-02 10:36:00,601 basehttp 124 "GET /epgn_front_end/home/lib/admin.js HTTP/1.1" 404 1680
INFO 2020-01-02 10:36:01,023 basehttp 124 "GET /upload/ HTTP/1.1" 200 48866
INFO 2020-01-02 10:36:01,187 basehttp 124 "GET /car_platform/ HTTP/1.1" 200 294
INFO 2020-01-02 10:36:01,187 basehttp 124 "GET /epgn_front_end/layui/lay/modules/upload.js HTTP/1.1" 200 7231
INFO 2020-01-02 10:36:01,197 basehttp 124 "GET /car_model/ HTTP/1.1" 200 1136
INFO 2020-01-02 10:36:01,206 basehttp 124 "GET /gearbox/ HTTP/1.1" 200 498
INFO 2020-01-02 10:36:01,213 basehttp 124 "GET /propulsionpower_num/ HTTP/1.1" 200 361
INFO 2020-01-02 10:36:01,223 basehttp 124 "GET /direction_num/ HTTP/1.1" 200 269
INFO 2020-01-02 10:36:01,291 basehttp 124 "GET /epgn_front_end/layui/lay/modules/layedit.js HTTP/1.1" 200 12635
INFO 2020-01-02 10:36:01,300 basehttp 124 "GET /epgn_front_end/layui/lay/modules/laydate.js HTTP/1.1" 200 27377
INFO 2020-01-02 10:36:01,310 basehttp 124 "GET /epgn_front_end/layui/css/modules/laydate/default/laydate.css?v=5.0.9 HTTP/1.1" 200 7537
INFO 2020-01-02 10:36:14,588 basehttp 124 "GET / HTTP/1.1" 200 3820
INFO 2020-01-02 10:36:14,646 basehttp 124 "GET /epgn_front_end/js/vue_2.6.10.js HTTP/1.1" 200 311030
INFO 2020-01-02 10:36:14,800 basehttp 124 "GET /epgn_front_end/image/login.jpg HTTP/1.1" 200 3579
INFO 2020-01-02 10:36:14,803 basehttp 124 "GET /epgn_front_end/image/back_pic.jpg HTTP/1.1" 200 282025
INFO 2020-01-02 10:36:14,855 basehttp 124 "GET /favicon.ico HTTP/1.1" 302 0
INFO 2020-01-02 10:36:14,873 basehttp 124 "GET /epgn_front_end/image/favicon.ico HTTP/1.1" 200 67646
INFO 2020-01-02 10:36:15,942 basehttp 124 "GET /home/ HTTP/1.1" 200 23440
INFO 2020-01-02 10:36:15,969 basehttp 124 "GET /epgn_front_end/layui/css/layui.css HTTP/1.1" 200 72911
INFO 2020-01-02 10:36:15,976 basehttp 124 "GET /epgn_front_end/layui/css/admin.css HTTP/1.1" 200 25936
INFO 2020-01-02 10:36:15,980 basehttp 124 "GET /epgn_front_end/layui/css/modules/layer/default/layer.css HTTP/1.1" 200 14425
INFO 2020-01-02 10:36:16,004 basehttp 124 "GET /epgn_front_end/js/axios-0.18.0.min.js HTTP/1.1" 200 12941
INFO 2020-01-02 10:36:16,008 basehttp 124 "GET /epgn_front_end/layui/layui.js HTTP/1.1" 200 6675
INFO 2020-01-02 10:36:16,009 basehttp 124 "GET /epgn_front_end/js/jquery-3.4.1.js HTTP/1.1" 200 149581
INFO 2020-01-02 10:36:16,011 basehttp 124 "GET /epgn_front_end/js/echart.js HTTP/1.1" 200 717631
INFO 2020-01-02 10:36:16,171 basehttp 124 "GET /car_platform/ HTTP/1.1" 200 294
INFO 2020-01-02 10:36:16,205 basehttp 124 "GET /epgn_front_end/layui/lay/modules/table.js HTTP/1.1" 200 31323
INFO 2020-01-02 10:36:16,284 basehttp 124 "GET /epgn_front_end/home/index.js HTTP/1.1" 200 1994
INFO 2020-01-02 10:36:16,289 basehttp 124 "GET /epgn_front_end/layui/font/iconfont.woff2?v=250 HTTP/1.1" 200 23140
INFO 2020-01-02 10:36:16,424 basehttp 124 "GET /epgn_front_end/home/config.js HTTP/1.1" 200 3916
INFO 2020-01-02 10:36:16,426 basehttp 124 "GET /epgn_front_end/layui/lay/modules/laytpl.js HTTP/1.1" 200 1836
INFO 2020-01-02 10:36:16,466 basehttp 124 "GET /epgn_front_end/layui/lay/modules/laypage.js HTTP/1.1" 200 4472
INFO 2020-01-02 10:36:16,473 basehttp 124 "GET /epgn_front_end/layui/lay/modules/layer.js HTTP/1.1" 200 22041
INFO 2020-01-02 10:36:16,492 basehttp 124 "GET /epgn_front_end/layui/lay/modules/element.js HTTP/1.1" 200 7264
INFO 2020-01-02 10:36:16,493 basehttp 124 "GET /epgn_front_end/layui/css/modules/layer/default/layer.css?v=3.1.1 HTTP/1.1" 200 14425
INFO 2020-01-02 10:36:16,522 basehttp 124 "GET /epgn_front_end/layui/lay/modules/form.js HTTP/1.1" 200 9329
INFO 2020-01-02 10:36:16,573 basehttp 124 "GET /epgn_front_end/layui/lay/modules/util.js HTTP/1.1" 200 3622
WARNING 2020-01-02 10:36:16,662 basehttp 124 "GET /epgn_front_end/home/lib/admin.js HTTP/1.1" 404 1680
INFO 2020-01-02 10:36:17,211 basehttp 124 "GET /home/ HTTP/1.1" 200 23440
INFO 2020-01-02 10:36:17,353 basehttp 124 "GET /car_platform/ HTTP/1.1" 200 294
WARNING 2020-01-02 10:36:17,595 basehttp 124 "GET /epgn_front_end/home/lib/admin.js HTTP/1.1" 404 1680
INFO 2020-01-02 10:36:18,055 basehttp 124 "GET /upload/ HTTP/1.1" 200 48866
INFO 2020-01-02 10:36:18,229 basehttp 124 "GET /car_platform/ HTTP/1.1" 200 294
INFO 2020-01-02 10:36:18,230 basehttp 124 "GET /epgn_front_end/layui/lay/modules/upload.js HTTP/1.1" 200 7231
INFO 2020-01-02 10:36:18,250 basehttp 124 "GET /car_model/ HTTP/1.1" 200 1136
INFO 2020-01-02 10:36:18,250 basehttp 124 "GET /gearbox/ HTTP/1.1" 200 498
INFO 2020-01-02 10:36:18,266 basehttp 124 "GET /propulsionpower_num/ HTTP/1.1" 200 361
INFO 2020-01-02 10:36:18,284 basehttp 124 "GET /direction_num/ HTTP/1.1" 200 269
INFO 2020-01-02 10:36:18,360 basehttp 124 "GET /epgn_front_end/layui/lay/modules/layedit.js HTTP/1.1" 200 12635
INFO 2020-01-02 10:36:18,371 basehttp 124 "GET /epgn_front_end/layui/lay/modules/laydate.js HTTP/1.1" 200 27377
INFO 2020-01-02 10:36:18,387 basehttp 124 "GET /epgn_front_end/layui/css/modules/laydate/default/laydate.css?v=5.0.9 HTTP/1.1" 200 7537
INFO 2020-01-02 10:36:21,115 basehttp 124 "GET /home/ HTTP/1.1" 200 23440
INFO 2020-01-02 10:36:21,243 basehttp 124 "GET /car_platform/ HTTP/1.1" 200 294
WARNING 2020-01-02 10:36:21,441 basehttp 124 "GET /epgn_front_end/home/lib/admin.js HTTP/1.1" 404 1680
INFO 2020-01-02 10:36:22,351 basehttp 124 "GET /base/100 HTTP/1.1" 301 0
INFO 2020-01-02 10:36:22,382 basehttp 124 "GET /base/100/ HTTP/1.1" 200 47198
INFO 2020-01-02 10:36:22,432 basehttp 124 "GET /epgn_front_end/css/header.css HTTP/1.1" 200 1762
INFO 2020-01-02 10:36:22,447 basehttp 124 "GET /epgn_front_end/js/header.js HTTP/1.1" 200 6211
INFO 2020-01-02 10:36:22,459 basehttp 124 "GET /epgn_front_end/js/jquery.cookie.js HTTP/1.1" 200 3121
INFO 2020-01-02 10:36:22,573 basehttp 124 "GET /car_platform/ HTTP/1.1" 200 294
WARNING 2020-01-02 10:36:22,650 basehttp 124 "GET /epgn_front_end/home/lib/admin.js HTTP/1.1" 404 1680
INFO 2020-01-02 10:36:22,707 basehttp 124 "GET /parse_file/?page=1&limit=20 HTTP/1.1" 200 496
INFO 2020-01-02 10:36:24,256 basehttp 124 "GET /base/400 HTTP/1.1" 301 0
INFO 2020-01-02 10:36:24,282 basehttp 124 "GET /base/400/ HTTP/1.1" 200 47493
INFO 2020-01-02 10:36:24,422 basehttp 124 "GET /car_platform/ HTTP/1.1" 200 294
WARNING 2020-01-02 10:36:24,493 basehttp 124 "GET /epgn_front_end/home/lib/admin.js HTTP/1.1" 404 1680
INFO 2020-01-02 10:36:24,520 basehttp 124 "GET /parse_file/?page=1&limit=20 HTTP/1.1" 200 496
ERROR 2020-01-02 10:36:25,546 exception 135 Internal Server Error: /calculate/
Traceback (most recent call last):
  File "/home/zheng/.virtualenvs/Work/lib/python3.5/site-packages/django/core/handlers/exception.py", line 41, in inner
    response = get_response(request)
  File "/home/zheng/.virtualenvs/Work/lib/python3.5/site-packages/django/core/handlers/base.py", line 187, in _get_response
    response = self.process_exception_by_middleware(e, request)
  File "/home/zheng/.virtualenvs/Work/lib/python3.5/site-packages/django/core/handlers/base.py", line 185, in _get_response
    response = wrapped_callback(request, *callback_args, **callback_kwargs)
  File "/home/zheng/Documents/Project/Work/EPGN_INFO/epgn_info/epgn_info/apps/calculate/views.py", line 88, in calculate
    return JsonResponse({"POST请求页面，请检查请求方式！"})
  File "/home/zheng/.virtualenvs/Work/lib/python3.5/site-packages/django/http/response.py", line 524, in __init__
    'In order to allow non-dict objects to be serialized set the '
TypeError: In order to allow non-dict objects to be serialized set the safe parameter to False.
ERROR 2020-01-02 10:36:25,587 basehttp 124 "GET /calculate/ HTTP/1.1" 500 77445
ERROR 2020-01-02 10:38:03,124 exception 135 Internal Server Error: /calculate/
Traceback (most recent call last):
  File "/home/zheng/.virtualenvs/Work/lib/python3.5/site-packages/django/core/handlers/exception.py", line 41, in inner
    response = get_response(request)
  File "/home/zheng/.virtualenvs/Work/lib/python3.5/site-packages/django/core/handlers/base.py", line 187, in _get_response
    response = self.process_exception_by_middleware(e, request)
  File "/home/zheng/.virtualenvs/Work/lib/python3.5/site-packages/django/core/handlers/base.py", line 185, in _get_response
    response = wrapped_callback(request, *callback_args, **callback_kwargs)
  File "/home/zheng/Documents/Project/Work/EPGN_INFO/epgn_info/epgn_info/apps/calculate/views.py", line 88, in calculate
    return HttpResponse("POST请求页面，请检查请求方式！")
  File "/home/zheng/.virtualenvs/Work/lib/python3.5/site-packages/django/http/response.py", line 524, in __init__
    'In order to allow non-dict objects to be serialized set the '
TypeError: In order to allow non-dict objects to be serialized set the safe parameter to False.
ERROR 2020-01-02 10:38:03,196 basehttp 124 "GET /calculate/ HTTP/1.1" 500 77576
INFO 2020-01-02 10:38:08,016 basehttp 124 "GET /calculate/ HTTP/1.1" 200 43
INFO 2020-01-02 10:38:08,145 basehttp 124 "GET /favicon.ico HTTP/1.1" 302 0
INFO 2020-01-02 10:38:08,153 basehttp 124 "GET /epgn_front_end/image/favicon.ico HTTP/1.1" 200 67646
INFO 2020-01-02 10:39:31,548 basehttp 124 "GET /calculate/ HTTP/1.1" 200 23593
INFO 2020-01-02 10:39:31,784 basehttp 124 "GET /car_platform/ HTTP/1.1" 200 294
ERROR 2020-01-02 10:39:31,789 exception 135 Internal Server Error: /channel/
Traceback (most recent call last):
  File "/home/zheng/.virtualenvs/Work/lib/python3.5/site-packages/django/core/handlers/exception.py", line 41, in inner
    response = get_response(request)
  File "/home/zheng/.virtualenvs/Work/lib/python3.5/site-packages/django/core/handlers/base.py", line 187, in _get_response
    response = self.process_exception_by_middleware(e, request)
  File "/home/zheng/.virtualenvs/Work/lib/python3.5/site-packages/django/core/handlers/base.py", line 185, in _get_response
    response = wrapped_callback(request, *callback_args, **callback_kwargs)
  File "/home/zheng/Documents/Project/Work/EPGN_INFO/epgn_info/epgn_info/apps/calculate/views.py", line 26, in get_channel
    for file in body_json["file_info"]:
TypeError: 'NoneType' object is not iterable
ERROR 2020-01-02 10:39:31,822 basehttp 124 "POST /channel/ HTTP/1.1" 500 18094
WARNING 2020-01-02 10:39:31,886 basehttp 124 "GET /epgn_front_end/home/lib/admin.js HTTP/1.1" 404 1680
INFO 2020-01-02 10:39:31,897 basehttp 124 "GET /favicon.ico HTTP/1.1" 302 0
INFO 2020-01-02 10:39:31,906 basehttp 124 "GET /epgn_front_end/image/favicon.ico HTTP/1.1" 200 67646
INFO 2020-01-02 10:39:38,685 basehttp 124 "GET /calculate/ HTTP/1.1" 200 23593
ERROR 2020-01-02 10:39:38,835 exception 135 Internal Server Error: /channel/
Traceback (most recent call last):
  File "/home/zheng/.virtualenvs/Work/lib/python3.5/site-packages/django/core/handlers/exception.py", line 41, in inner
    response = get_response(request)
  File "/home/zheng/.virtualenvs/Work/lib/python3.5/site-packages/django/core/handlers/base.py", line 187, in _get_response
    response = self.process_exception_by_middleware(e, request)
  File "/home/zheng/.virtualenvs/Work/lib/python3.5/site-packages/django/core/handlers/base.py", line 185, in _get_response
    response = wrapped_callback(request, *callback_args, **callback_kwargs)
  File "/home/zheng/Documents/Project/Work/EPGN_INFO/epgn_info/epgn_info/apps/calculate/views.py", line 26, in get_channel
    for file in body_json["file_info"]:
TypeError: 'NoneType' object is not iterable
INFO 2020-01-02 10:39:38,844 basehttp 124 "GET /car_platform/ HTTP/1.1" 200 294
ERROR 2020-01-02 10:39:38,868 basehttp 124 "POST /channel/ HTTP/1.1" 500 18094
WARNING 2020-01-02 10:39:38,914 basehttp 124 "GET /epgn_front_end/home/lib/admin.js HTTP/1.1" 404 1680
INFO 2020-01-02 10:39:40,441 basehttp 124 "GET /autocalculate/ HTTP/1.1" 200 24811
INFO 2020-01-02 10:39:40,560 basehttp 124 "GET /car_platform/ HTTP/1.1" 200 294
INFO 2020-01-02 10:39:40,574 basehttp 124 "GET /autocalculate/home/index.js HTTP/1.1" 200 24811
INFO 2020-01-02 10:39:42,065 basehttp 124 "GET /autocalculate/ HTTP/1.1" 200 24811
INFO 2020-01-02 10:39:42,190 basehttp 124 "GET /car_platform/ HTTP/1.1" 200 294
INFO 2020-01-02 10:39:42,202 basehttp 124 "GET /autocalculate/home/index.js HTTP/1.1" 200 24811
INFO 2020-01-02 10:39:45,590 basehttp 124 "GET /autocalculate/ HTTP/1.1" 200 24811
INFO 2020-01-02 10:39:45,719 basehttp 124 "GET /car_platform/ HTTP/1.1" 200 294
INFO 2020-01-02 10:39:45,724 basehttp 124 "GET /autocalculate/home/index.js HTTP/1.1" 200 24811
INFO 2020-01-02 10:39:46,838 basehttp 124 "GET /autocalculate/ HTTP/1.1" 200 24811
INFO 2020-01-02 10:39:46,963 basehttp 124 "GET /car_platform/ HTTP/1.1" 200 294
INFO 2020-01-02 10:39:46,969 basehttp 124 "GET /autocalculate/home/index.js HTTP/1.1" 200 24811
INFO 2020-01-02 10:41:09,612 basehttp 124 "GET /calculate/ HTTP/1.1" 200 23593
ERROR 2020-01-02 10:41:09,829 exception 135 Internal Server Error: /channel/
Traceback (most recent call last):
  File "/home/zheng/.virtualenvs/Work/lib/python3.5/site-packages/django/core/handlers/exception.py", line 41, in inner
    response = get_response(request)
  File "/home/zheng/.virtualenvs/Work/lib/python3.5/site-packages/django/core/handlers/base.py", line 187, in _get_response
    response = self.process_exception_by_middleware(e, request)
  File "/home/zheng/.virtualenvs/Work/lib/python3.5/site-packages/django/core/handlers/base.py", line 185, in _get_response
    response = wrapped_callback(request, *callback_args, **callback_kwargs)
  File "/home/zheng/Documents/Project/Work/EPGN_INFO/epgn_info/epgn_info/apps/calculate/views.py", line 26, in get_channel
    for file in body_json["file_info"]:
TypeError: 'NoneType' object is not iterable
INFO 2020-01-02 10:41:09,831 basehttp 124 "GET /car_platform/ HTTP/1.1" 200 294
ERROR 2020-01-02 10:41:09,862 basehttp 124 "POST /channel/ HTTP/1.1" 500 18094
WARNING 2020-01-02 10:41:09,920 basehttp 124 "GET /epgn_front_end/home/lib/admin.js HTTP/1.1" 404 1680
INFO 2020-01-02 10:41:10,345 basehttp 124 "GET /autocalculate/ HTTP/1.1" 200 24811
INFO 2020-01-02 10:41:10,465 basehttp 124 "GET /car_platform/ HTTP/1.1" 200 294
INFO 2020-01-02 10:41:10,479 basehttp 124 "GET /autocalculate/home/index.js HTTP/1.1" 200 24811
INFO 2020-01-02 10:41:11,152 basehttp 124 "GET /calculate/ HTTP/1.1" 200 23593
ERROR 2020-01-02 10:41:11,287 exception 135 Internal Server Error: /channel/
Traceback (most recent call last):
  File "/home/zheng/.virtualenvs/Work/lib/python3.5/site-packages/django/core/handlers/exception.py", line 41, in inner
    response = get_response(request)
  File "/home/zheng/.virtualenvs/Work/lib/python3.5/site-packages/django/core/handlers/base.py", line 187, in _get_response
    response = self.process_exception_by_middleware(e, request)
  File "/home/zheng/.virtualenvs/Work/lib/python3.5/site-packages/django/core/handlers/base.py", line 185, in _get_response
    response = wrapped_callback(request, *callback_args, **callback_kwargs)
  File "/home/zheng/Documents/Project/Work/EPGN_INFO/epgn_info/epgn_info/apps/calculate/views.py", line 26, in get_channel
    for file in body_json["file_info"]:
TypeError: 'NoneType' object is not iterable
INFO 2020-01-02 10:41:11,287 basehttp 124 "GET /car_platform/ HTTP/1.1" 200 294
ERROR 2020-01-02 10:41:11,323 basehttp 124 "POST /channel/ HTTP/1.1" 500 18094
WARNING 2020-01-02 10:41:11,369 basehttp 124 "GET /epgn_front_end/home/lib/admin.js HTTP/1.1" 404 1680
INFO 2020-01-02 10:41:11,748 basehttp 124 "GET /base/1100 HTTP/1.1" 301 0
INFO 2020-01-02 10:41:11,769 basehttp 124 "GET /base/1100/ HTTP/1.1" 200 47104
INFO 2020-01-02 10:41:11,918 basehttp 124 "GET /car_platform/ HTTP/1.1" 200 294
WARNING 2020-01-02 10:41:11,994 basehttp 124 "GET /epgn_front_end/home/lib/admin.js HTTP/1.1" 404 1680
INFO 2020-01-02 10:41:12,024 basehttp 124 "GET /parse_file/?page=1&limit=20 HTTP/1.1" 200 496
INFO 2020-01-02 10:41:12,398 basehttp 124 "GET /base/1000 HTTP/1.1" 301 0
INFO 2020-01-02 10:41:12,422 basehttp 124 "GET /base/1000/ HTTP/1.1" 200 47297
INFO 2020-01-02 10:41:12,560 basehttp 124 "GET /car_platform/ HTTP/1.1" 200 294
WARNING 2020-01-02 10:41:12,664 basehttp 124 "GET /epgn_front_end/home/lib/admin.js HTTP/1.1" 404 1680
INFO 2020-01-02 10:41:12,668 basehttp 124 "GET /parse_file/?page=1&limit=20 HTTP/1.1" 200 496
INFO 2020-01-02 10:41:12,895 basehttp 124 "GET /base/900 HTTP/1.1" 301 0
INFO 2020-01-02 10:41:12,915 basehttp 124 "GET /base/900/ HTTP/1.1" 200 47198
INFO 2020-01-02 10:41:13,051 basehttp 124 "GET /car_platform/ HTTP/1.1" 200 294
WARNING 2020-01-02 10:41:13,124 basehttp 124 "GET /epgn_front_end/home/lib/admin.js HTTP/1.1" 404 1680
INFO 2020-01-02 10:41:13,144 basehttp 124 "GET /parse_file/?page=1&limit=20 HTTP/1.1" 200 496
INFO 2020-01-02 10:41:13,234 basehttp 124 "GET /base/700 HTTP/1.1" 301 0
INFO 2020-01-02 10:41:13,256 basehttp 124 "GET /base/700/ HTTP/1.1" 200 47192
INFO 2020-01-02 10:41:13,405 basehttp 124 "GET /car_platform/ HTTP/1.1" 200 294
INFO 2020-01-02 10:41:13,495 basehttp 124 "GET /parse_file/?page=1&limit=20 HTTP/1.1" 200 496
WARNING 2020-01-02 10:41:13,518 basehttp 124 "GET /epgn_front_end/home/lib/admin.js HTTP/1.1" 404 1680
INFO 2020-01-02 10:41:13,574 basehttp 124 "GET /base/500 HTTP/1.1" 301 0
INFO 2020-01-02 10:41:13,612 basehttp 124 "GET /base/500/ HTTP/1.1" 200 47197
INFO 2020-01-02 10:41:13,750 basehttp 124 "GET /car_platform/ HTTP/1.1" 200 294
WARNING 2020-01-02 10:41:13,802 basehttp 124 "GET /epgn_front_end/home/lib/admin.js HTTP/1.1" 404 1680
INFO 2020-01-02 10:41:13,820 basehttp 124 "GET /parse_file/?page=1&limit=20 HTTP/1.1" 200 496
INFO 2020-01-02 10:41:14,308 basehttp 124 "GET /base/400/ HTTP/1.1" 200 47493
INFO 2020-01-02 10:41:14,455 basehttp 124 "GET /car_platform/ HTTP/1.1" 200 294
INFO 2020-01-02 10:41:14,547 basehttp 124 "GET /parse_file/?page=1&limit=20 HTTP/1.1" 200 496
WARNING 2020-01-02 10:41:14,547 basehttp 124 "GET /epgn_front_end/home/lib/admin.js HTTP/1.1" 404 1680
INFO 2020-01-02 10:43:49,996 basehttp 124 "GET /upload/ HTTP/1.1" 200 48866
INFO 2020-01-02 10:43:50,204 basehttp 124 "GET /car_platform/ HTTP/1.1" 200 294
INFO 2020-01-02 10:43:50,226 basehttp 124 "GET /car_model/ HTTP/1.1" 200 1136
INFO 2020-01-02 10:43:50,227 basehttp 124 "GET /gearbox/ HTTP/1.1" 200 498
INFO 2020-01-02 10:43:50,236 basehttp 124 "GET /propulsionpower_num/ HTTP/1.1" 200 361
INFO 2020-01-02 10:43:50,251 basehttp 124 "GET /direction_num/ HTTP/1.1" 200 269
INFO 2020-01-02 10:44:56,651 basehttp 124 "GET /home/ HTTP/1.1" 200 23440
INFO 2020-01-02 10:44:56,846 basehttp 124 "GET /car_platform/ HTTP/1.1" 200 294
WARNING 2020-01-02 10:44:57,065 basehttp 124 "GET /epgn_front_end/home/lib/admin.js HTTP/1.1" 404 1680
